2020-07-09 20:08:18,336 - INFO - Instabot Started
2020-07-09 20:08:18,969 - INFO - Recovery from awazcafe_uuid_and_cookie.json: COOKIE True - UUIDs True - TIMING, DEVICE and ...
- user-agent=Instagram 105.0.0.18.119 Android (28/9.0; 420dpi; 1080x2260; OnePlus; GM1903; OnePlus7; qcom; en_US)
- phone_id=e27aee3b-9298-4d59-9315-e00b149392e9
- uuid=29d3a3e9-b2cc-4840-b195-9f2223a20e30
- client_session_id=d2857219-69fb-4411-86bc-7214dbf4d2ac
- device_id=android-6debd32806349233
2020-07-09 20:08:18,969 - INFO - LOGIN FLOW! Just logged-in: False
2020-07-09 20:08:32,248 - INFO - Logged-in successfully as 'awazcafe'!
2020-07-09 20:08:53,626 - INFO - Photo '(189).jpg.REMOVE_ME' is uploaded.
2020-07-10 17:50:59,819 - INFO - Recovery from awazcafe_uuid_and_cookie.json: COOKIE True - UUIDs True - TIMING, DEVICE and ...
- user-agent=Instagram 105.0.0.18.119 Android (28/9.0; 420dpi; 1080x2260; OnePlus; GM1903; OnePlus7; qcom; en_US)
- phone_id=e27aee3b-9298-4d59-9315-e00b149392e9
- uuid=29d3a3e9-b2cc-4840-b195-9f2223a20e30
- client_session_id=e0aaf9bb-8510-41ff-a216-0d2d2d3da5af
- device_id=android-6debd32806349233
2020-07-10 17:50:59,835 - INFO - LOGIN FLOW! Just logged-in: False
2020-07-10 17:51:07,358 - INFO - Logged-in successfully as 'awazcafe'!
2020-07-10 17:51:29,269 - INFO - Photo '(19).jpg' is uploaded.
2020-07-11 05:51:51,064 - INFO - Recovery from awazcafe_uuid_and_cookie.json: COOKIE True - UUIDs True - TIMING, DEVICE and ...
- user-agent=Instagram 105.0.0.18.119 Android (28/9.0; 420dpi; 1080x2260; OnePlus; GM1903; OnePlus7; qcom; en_US)
- phone_id=e27aee3b-9298-4d59-9315-e00b149392e9
- uuid=29d3a3e9-b2cc-4840-b195-9f2223a20e30
- client_session_id=5b23e6dd-0d9f-464a-9fe8-5387660dca9d
- device_id=android-6debd32806349233
2020-07-11 05:51:51,079 - INFO - LOGIN FLOW! Just logged-in: False
2020-07-11 05:52:00,925 - INFO - Logged-in successfully as 'awazcafe'!
2020-07-11 05:52:24,647 - INFO - Photo '(190).jpg' is uploaded.
